D:\NEW\AMAZON-HACK\AMAZON-HACK\AMAZON-HACK\DEBUG\AMAZON-HACK.EXE.INTERMEDIATE.MANIFEST
D:\New\Amazon-Hack\Amazon-Hack\Amazon-Hack\Debug\Amazon-Hack.write.1.tlog
D:\NEW\AMAZON-HACK\AMAZON-HACK\AMAZON-HACK\DEBUG\AMAZONMAIN.OBJ
D:\New\Amazon-Hack\Amazon-Hack\Amazon-Hack\Debug\cl.command.1.tlog
D:\New\Amazon-Hack\Amazon-Hack\Amazon-Hack\Debug\CL.read.1.tlog
D:\New\Amazon-Hack\Amazon-Hack\Amazon-Hack\Debug\CL.write.1.tlog
D:\NEW\AMAZON-HACK\AMAZON-HACK\AMAZON-HACK\DEBUG\CSVUTIL.OBJ
D:\NEW\AMAZON-HACK\AMAZON-HACK\AMAZON-HACK\DEBUG\DATABASECONN.OBJ
D:\New\Amazon-Hack\Amazon-Hack\Amazon-Hack\Debug\link.command.1.tlog
D:\New\Amazon-Hack\Amazon-Hack\Amazon-Hack\Debug\link.read.1.tlog
D:\New\Amazon-Hack\Amazon-Hack\Amazon-Hack\Debug\link.write.1.tlog
D:\New\Amazon-Hack\Amazon-Hack\Amazon-Hack\Debug\mt.command.1.tlog
D:\New\Amazon-Hack\Amazon-Hack\Amazon-Hack\Debug\mt.read.1.tlog
D:\New\Amazon-Hack\Amazon-Hack\Amazon-Hack\Debug\mt.write.1.tlog
D:\NEW\AMAZON-HACK\AMAZON-HACK\AMAZON-HACK\DEBUG\SHARDDRIVESETTINGS.OBJ
D:\NEW\AMAZON-HACK\AMAZON-HACK\AMAZON-HACK\DEBUG\SQLITEUTIL.OBJ
D:\NEW\AMAZON-HACK\AMAZON-HACK\AMAZON-HACK\DEBUG\SUBSCRIPTIONUTIL.OBJ
D:\New\Amazon-Hack\Amazon-Hack\Amazon-Hack\Debug\vc100.idb
D:\NEW\AMAZON-HACK\AMAZON-HACK\AMAZON-HACK\DEBUG\VC100.PDB
D:\NEW\AMAZON-HACK\AMAZON-HACK\DEBUG\AMAZON-HACK.EXE
D:\NEW\AMAZON-HACK\AMAZON-HACK\DEBUG\AMAZON-HACK.ILK
D:\NEW\AMAZON-HACK\AMAZON-HACK\DEBUG\AMAZON-HACK.PDB
